Build started 10/10/2013 11:52:58 AM.
     1>Project "C:\Users\craw038\Documents\GitHub\PNNL-OE-Redox-Flow-Battery-Cost-Tool\BatGUI\BatGUI.vcxproj" on node 2 (build target(s)).
     1>InitializeBuildStatus:
         Creating "Release\BatGUI.unsuccessfulbuild" because "AlwaysCreate" was specified.
       GenerateTargetFrameworkMonikerAttribute:
       Skipping target "GenerateTargetFrameworkMonikerAttribute" because all output files are up-to-date with respect to the input files.
       ClCompile:
         All outputs are up-to-date.
         c:\Program Files (x86)\Microsoft Visual Studio 10.0\VC\bin\CL.exe /c /IC:\Users\craw038\Downloads\fparser4.5.1\ /AI"C:\Program Files (x86)\Reference Assemblies\Microsoft\Framework\.NETFramework\v4.0" /Zi /clr:pure /nologo /W3 /WX- /O2 /Oy- /D WIN32 /D NDEBUG /D _UNICODE /D UNICODE /EHa /MD /GS /fp:precise /Zc:wchar_t /Zc:forScope /Yu"StdAfx.h" /Fp"Release\BatGUI.pch" /Fo"Release\\" /Fd"Release\vc100.pdb" /TP /FU"C:\Program Files (x86)\Reference Assemblies\Microsoft\Framework\.NETFramework\v4.0\System.Core.dll" /FU"C:\Program Files (x86)\Reference Assemblies\Microsoft\Framework\.NETFramework\v4.0\System.Data.dll" /FU"C:\Program Files (x86)\Reference Assemblies\Microsoft\Framework\.NETFramework\v4.0\System.dll" /FU"C:\Program Files (x86)\Reference Assemblies\Microsoft\Framework\.NETFramework\v4.0\System.Drawing.dll" /FU"C:\Program Files (x86)\Reference Assemblies\Microsoft\Framework\.NETFramework\v4.0\System.Windows.Forms.DataVisualization.dll" /FU"C:\Program Files (x86)\Reference Assemblies\Microsoft\Framework\.NETFramework\v4.0\System.Windows.Forms.dll" /FU"C:\Program Files (x86)\Reference Assemblies\Microsoft\Framework\.NETFramework\v4.0\System.Xml.dll" /analyze- /errorReport:prompt AssemblyInfo.cpp BatGUI.cpp /clr:nostdlib /bigobj 
         AssemblyInfo.cpp
         BatGUI.cpp
     1>c:\users\craw038\documents\github\pnnl-oe-redox-flow-battery-cost-tool\batgui\Form1.h(2175): warning C4244: 'argument' : conversion from 'double' to 'int', possible loss of data
     1>c:\users\craw038\documents\github\pnnl-oe-redox-flow-battery-cost-tool\batgui\Form1.h(2241): warning C4018: '<' : signed/unsigned mismatch
     1>c:\users\craw038\documents\github\pnnl-oe-redox-flow-battery-cost-tool\batgui\Form1.h(2247): warning C4018: '<' : signed/unsigned mismatch
     1>c:\users\craw038\documents\github\pnnl-oe-redox-flow-battery-cost-tool\batgui\Form1.h(2252): warning C4018: '<' : signed/unsigned mismatch
     1>c:\users\craw038\documents\github\pnnl-oe-redox-flow-battery-cost-tool\batgui\Form1.h(2262): warning C4018: '<' : signed/unsigned mismatch
     1>c:\users\craw038\documents\github\pnnl-oe-redox-flow-battery-cost-tool\batgui\Form1.h(2311): warning C4244: '=' : conversion from 'double' to 'int', possible loss of data
     1>c:\users\craw038\documents\github\pnnl-oe-redox-flow-battery-cost-tool\batgui\Form1.h(2374): warning C4244: 'argument' : conversion from 'double' to 'int', possible loss of data
     1>c:\users\craw038\documents\github\pnnl-oe-redox-flow-battery-cost-tool\batgui\Form1.h(2377): warning C4244: 'argument' : conversion from 'double' to 'int', possible loss of data
         Generating Code...
     1>c:\users\craw038\documents\github\pnnl-oe-redox-flow-battery-cost-tool\batgui\form1.h(2018): warning C4700: uninitialized local variable 'units' used
         All outputs are up-to-date.
       CoreResGen:
         All outputs are up-to-date.
       ResourceCompile:
         All outputs are up-to-date.
       Link:
         c:\Program Files (x86)\Microsoft Visual Studio 10.0\VC\bin\link.exe /ERRORREPORT:PROMPT /OUT:"C:\Users\craw038\Documents\GitHub\PNNL-OE-Redox-Flow-Battery-Cost-Tool\Release\BatGUI.exe" /INCREMENTAL:NO /NOLOGO kernel32.lib user32.lib gdi32.lib winspool.lib comdlg32.lib advapi32.lib shell32.lib ole32.lib oleaut32.lib uuid.lib odbc32.lib odbccp32.lib /ASSEMBLYRESOURCE:Release\BatGUI.Form1.resources /MANIFEST /ManifestFile:"Release\BatGUI.exe.intermediate.manifest" /MANIFESTUAC:"level='asInvoker' uiAccess='false'" /DEBUG /PDB:"C:\Users\craw038\Documents\GitHub\PNNL-OE-Redox-Flow-Battery-Cost-Tool\Release\BatGUI.pdb" /SUBSYSTEM:WINDOWS /TLBID:1 /ENTRY:"main" /DYNAMICBASE /FIXED:NO /NXCOMPAT /MACHINE:X86 Release\app.res
         Release\AssemblyInfo.obj
         Release\BatGUI.obj
         Release\stdafx.obj
         "Release\.NETFramework,Version=v4.0.AssemblyAttributes.obj"
         BatGUI.vcxproj -> C:\Users\craw038\Documents\GitHub\PNNL-OE-Redox-Flow-Battery-Cost-Tool\Release\BatGUI.exe
       Manifest:
         C:\Program Files (x86)\Microsoft SDKs\Windows\v7.0A\bin\mt.exe /nologo /verbose /outputresource:"C:\Users\craw038\Documents\GitHub\PNNL-OE-Redox-Flow-Battery-Cost-Tool\Release\BatGUI.exe;#1" /manifest Release\BatGUI.exe.intermediate.manifest
       FinalizeBuildStatus:
         Deleting file "Release\BatGUI.unsuccessfulbuild".
         Touching "Release\BatGUI.lastbuildstate".
     1>Done Building Project "C:\Users\craw038\Documents\GitHub\PNNL-OE-Redox-Flow-Battery-Cost-Tool\BatGUI\BatGUI.vcxproj" (build target(s)).

Build succeeded.

Time Elapsed 00:04:19.93
